<?xml version="1.0" encoding="UTF-8"?>
<!-- Generated by org.testng.reporters.JUnitReportReporter -->
<testsuite hostname="LAPTOP-CE7DV3JI" failures="0" tests="1" name="testdemo.TechademyLogin" time="11.606" errors="0" timestamp="2025-08-12T15:35:29 IST" skipped="0">
  <testcase classname="testdemo.TechademyLogin" name="loginTechademy" time="11.606"/>
</testsuite> <!-- testdemo.TechademyLogin -->
