<?xml version="1.0" encoding="UTF-8"?>
<!-- Generated by org.testng.reporters.JUnitReportReporter -->
<testsuite hostname="LAPTOP-CE7DV3JI" failures="0" tests="2" name="testdemo.Application1" time="4.428" errors="0" timestamp="2025-08-12T11:52:11 IST" skipped="0">
  <testcase classname="testdemo.Application1" name="launchGoogle" time="0.897"/>
  <testcase classname="testdemo.Application1" name="registerNewUser" time="3.531"/>
</testsuite> <!-- testdemo.Application1 -->
